<?xml version="1.0" encoding="UTF-8"?>
<testsuite name="com.catimagesearch.catimagesearch.CatimagesearchApplicationTests" tests="1" skipped="0" failures="0" errors="0" timestamp="2021-01-23T16:43:21" hostname="Sakshis-MBP.fios-router.home" time="0.396">
  <properties/>
  <testcase name="contextLoads()" classname="com.catimagesearch.catimagesearch.CatimagesearchApplicationTests" time="0.396"/>
  <system-out><![CDATA[11:43:20.336 [Test worker] DEBUG org.springframework.test.context.BootstrapUtils - Instantiating CacheAwareContextLoaderDelegate from class [org.springframework.test.context.cache.DefaultCacheAwareContextLoaderDelegate]
11:43:20.347 [Test worker] DEBUG org.springframework.test.context.BootstrapUtils - Instantiating BootstrapContext using constructor [public org.springframework.test.context.support.DefaultBootstrapContext(java.lang.Class,org.springframework.test.context.CacheAwareContextLoaderDelegate)]
11:43:20.370 [Test worker] DEBUG org.springframework.test.context.BootstrapUtils - Instantiating TestContextBootstrapper for test class [com.catimagesearch.catimagesearch.CatimagesearchApplicationTests] from class [org.springframework.boot.test.context.SpringBootTestContextBootstrapper]
11:43:20.382 [Test worker] INFO org.springframework.boot.test.context.SpringBootTestContextBootstrapper - Neither @ContextConfiguration nor @ContextHierarchy found for test class [com.catimagesearch.catimagesearch.CatimagesearchApplicationTests], using SpringBootContextLoader
11:43:20.385 [Test worker] DEBUG org.springframework.test.context.support.AbstractContextLoader - Did not detect default resource location for test class [com.catimagesearch.catimagesearch.CatimagesearchApplicationTests]: class path resource [com/catimagesearch/catimagesearch/CatimagesearchApplicationTests-context.xml] does not exist
11:43:20.386 [Test worker] DEBUG org.springframework.test.context.support.AbstractContextLoader - Did not detect default resource location for test class [com.catimagesearch.catimagesearch.CatimagesearchApplicationTests]: class path resource [com/catimagesearch/catimagesearch/CatimagesearchApplicationTestsContext.groovy] does not exist
11:43:20.386 [Test worker] INFO org.springframework.test.context.support.AbstractContextLoader - Could not detect default resource locations for test class [com.catimagesearch.catimagesearch.CatimagesearchApplicationTests]: no resource found for suffixes {-context.xml, Context.groovy}.
11:43:20.387 [Test worker] INFO org.springframework.test.context.support.AnnotationConfigContextLoaderUtils - Could not detect default configuration classes for test class [com.catimagesearch.catimagesearch.CatimagesearchApplicationTests]: CatimagesearchApplicationTests does not declare any static, non-private, non-final, nested classes annotated with @Configuration.
11:43:20.420 [Test worker] DEBUG org.springframework.test.context.support.ActiveProfilesUtils - Could not find an 'annotation declaring class' for annotation type [org.springframework.test.context.ActiveProfiles] and class [com.catimagesearch.catimagesearch.CatimagesearchApplicationTests]
11:43:20.463 [Test worker] DEBUG org.springframework.context.annotation.ClassPathScanningCandidateComponentProvider - Identified candidate component class: file [/Users/sakshisachdev/Desktop/Repo/CatImageUrlSearch/build/classes/java/main/com/catimagesearch/catimagesearch/CatImageSearchApplication.class]
11:43:20.464 [Test worker] INFO org.springframework.boot.test.context.SpringBootTestContextBootstrapper - Found @SpringBootConfiguration com.catimagesearch.catimagesearch.CatImageSearchApplication for test class com.catimagesearch.catimagesearch.CatimagesearchApplicationTests
11:43:20.530 [Test worker] DEBUG org.springframework.boot.test.context.SpringBootTestContextBootstrapper - @TestExecutionListeners is not present for class [com.catimagesearch.catimagesearch.CatimagesearchApplicationTests]: using defaults.
11:43:20.531 [Test worker] INFO org.springframework.boot.test.context.SpringBootTestContextBootstrapper - Loaded default TestExecutionListener class names from location [META-INF/spring.factories]: [org.springframework.boot.test.autoconfigure.restdocs.RestDocsTestExecutionListener, org.springframework.boot.test.autoconfigure.web.client.MockRestServiceServerResetTestExecutionListener, org.springframework.boot.test.autoconfigure.web.servlet.MockMvcPrintOnlyOnFailureTestExecutionListener, org.springframework.boot.test.autoconfigure.web.servlet.WebDriverTestExecutionListener, org.springframework.boot.test.autoconfigure.webservices.client.MockWebServiceServerTestExecutionListener, org.springframework.boot.test.mock.mockito.MockitoTestExecutionListener, org.springframework.boot.test.mock.mockito.ResetMocksTestExecutionListener, org.springframework.test.context.web.ServletTestExecutionListener, org.springframework.test.context.support.DirtiesContextBeforeModesTestExecutionListener, org.springframework.test.context.support.DependencyInjectionTestExecutionListener, org.springframework.test.context.support.DirtiesContextTestExecutionListener, org.springframework.test.context.transaction.TransactionalTestExecutionListener, org.springframework.test.context.jdbc.SqlScriptsTestExecutionListener, org.springframework.test.context.event.EventPublishingTestExecutionListener]
11:43:20.541 [Test worker] DEBUG org.springframework.boot.test.context.SpringBootTestContextBootstrapper - Skipping candidate TestExecutionListener [org.springframework.test.context.transaction.TransactionalTestExecutionListener] due to a missing dependency. Specify custom listener classes or make the default listener classes and their required dependencies available. Offending class: [org/springframework/transaction/interceptor/TransactionAttributeSource]
11:43:20.542 [Test worker] DEBUG org.springframework.boot.test.context.SpringBootTestContextBootstrapper - Skipping candidate TestExecutionListener [org.springframework.test.context.jdbc.SqlScriptsTestExecutionListener] due to a missing dependency. Specify custom listener classes or make the default listener classes and their required dependencies available. Offending class: [org/springframework/transaction/interceptor/TransactionAttribute]
11:43:20.542 [Test worker] INFO org.springframework.boot.test.context.SpringBootTestContextBootstrapper - Using TestExecutionListeners: [org.springframework.test.context.web.ServletTestExecutionListener@6a9de3e7, org.springframework.test.context.support.DirtiesContextBeforeModesTestExecutionListener@46568424, org.springframework.boot.test.mock.mockito.MockitoTestExecutionListener@6bf9cb07, org.springframework.boot.test.autoconfigure.SpringBootDependencyInjectionTestExecutionListener@6539aebb, org.springframework.test.context.support.DirtiesContextTestExecutionListener@603eeb20, org.springframework.test.context.event.EventPublishingTestExecutionListener@123b34a7, org.springframework.boot.test.autoconfigure.restdocs.RestDocsTestExecutionListener@37bf6414, org.springframework.boot.test.autoconfigure.web.client.MockRestServiceServerResetTestExecutionListener@1fdb582e, org.springframework.boot.test.autoconfigure.web.servlet.MockMvcPrintOnlyOnFailureTestExecutionListener@82bd71e, org.springframework.boot.test.autoconfigure.web.servlet.WebDriverTestExecutionListener@437e54b0, org.springframework.boot.test.autoconfigure.webservices.client.MockWebServiceServerTestExecutionListener@f2d070f, org.springframework.boot.test.mock.mockito.ResetMocksTestExecutionListener@4af224ec]
11:43:20.545 [Test worker] DEBUG org.springframework.test.context.support.AbstractDirtiesContextTestExecutionListener - Before test class: context [DefaultTestContext@3bc62142 testClass = CatimagesearchApplicationTests, testInstance = [null], testMethod = [null], testException = [null], mergedContextConfiguration = [WebMergedContextConfiguration@ad75ff5 testClass = CatimagesearchApplicationTests, locations = '{}', classes = '{class com.catimagesearch.catimagesearch.CatImageSearchApplication}', contextInitializerClasses = '[]', activeProfiles = '{}', propertySourceLocations = '{}', propertySourceProperties = '{org.springframework.boot.test.context.SpringBootTestContextBootstrapper=true}', contextCustomizers = set[org.springframework.boot.test.autoconfigure.properties.PropertyMappingContextCustomizer@0, org.springframework.boot.test.autoconfigure.web.servlet.WebDriverContextCustomizerFactory$Customizer@7b2c8d3f, org.springframework.boot.test.context.filter.ExcludeFilterContextCustomizer@31afcb6e, org.springframework.boot.test.json.DuplicateJsonObjectContextCustomizerFactory$DuplicateJsonObjectContextCustomizer@78820641, org.springframework.boot.test.mock.mockito.MockitoContextCustomizer@0, org.springframework.boot.test.web.client.TestRestTemplateContextCustomizer@53a8249d, org.springframework.boot.test.context.SpringBootTestArgs@1, org.springframework.boot.test.context.SpringBootTestWebEnvironment@68390a5c], resourceBasePath = 'src/main/webapp', contextLoader = 'org.springframework.boot.test.context.SpringBootContextLoader', parent = [null]], attributes = map['org.springframework.test.context.web.ServletTestExecutionListener.activateListener' -> true]], class annotated with @DirtiesContext [false] with mode [null].
11:43:20.567 [Test worker] DEBUG org.springframework.test.context.support.TestPropertySourceUtils - Adding inlined properties to environment: {spring.jmx.enabled=false, org.springframework.boot.test.context.SpringBootTestContextBootstrapper=true}

  .   ____          _            __ _ _
 /\\ / ___'_ __ _ _(_)_ __  __ _ \ \ \ \
( ( )\___ | '_ | '_| | '_ \/ _` | \ \ \ \
 \\/  ___)| |_)| | | | | || (_| |  ) ) ) )
  '  |____| .__|_| |_|_| |_\__, | / / / /
 =========|_|==============|___/=/_/_/_/
 :: Spring Boot ::        (v2.3.8.RELEASE)

2021-01-23 11:43:20.775  WARN 3929 --- [    Test worker] ory$DuplicateJsonObjectContextCustomizer : 

Found multiple occurrences of org.json.JSONObject on the class path:

	jar:file:/Users/sakshisachdev/.gradle/caches/modules-2/files-2.1/org.json/json/20201115/f8e7a9953822c90e0701c3cd50764b5e9063f85c/json-20201115.jar!/org/json/JSONObject.class
	jar:file:/Users/sakshisachdev/.gradle/caches/modules-2/files-2.1/com.vaadin.external.google/android-json/0.0.20131108.vaadin1/fa26d351fe62a6a17f5cda1287c1c6110dec413f/android-json-0.0.20131108.vaadin1.jar!/org/json/JSONObject.class

You may wish to exclude one of them to ensure predictable runtime behavior

2021-01-23 11:43:20.787  INFO 3929 --- [    Test worker] c.c.c.CatimagesearchApplicationTests     : Starting CatimagesearchApplicationTests on Sakshis-MBP.fios-router.home with PID 3929 (started by sakshisachdev in /Users/sakshisachdev/Desktop/Repo/CatImageUrlSearch)
2021-01-23 11:43:20.787  INFO 3929 --- [    Test worker] c.c.c.CatimagesearchApplicationTests     : No active profile set, falling back to default profiles: default
2021-01-23 11:43:21.625  INFO 3929 --- [    Test worker] o.s.s.concurrent.ThreadPoolTaskExecutor  : Initializing ExecutorService 'applicationTaskExecutor'
2021-01-23 11:43:21.822  INFO 3929 --- [    Test worker] c.c.c.CatimagesearchApplicationTests     : Started CatimagesearchApplicationTests in 1.245 seconds (JVM running for 2.107)
]]></system-out>
  <system-err><![CDATA[]]></system-err>
</testsuite>
